C51 COMPILER V9.00   DS18B20                                                               04/23/2018 22:22:33 PAGE 1   


C51 COMPILER V9.00, COMPILATION OF MODULE DS18B20
OBJECT MODULE PLACED IN ds18b20.OBJ
COMPILER INVOKED BY: D:\C51\BIN\C51.EXE ds18b20.c COMPACT BROWSE DEBUG OBJECTEXTEND

line level    source

   1          #include<reg52.h>
   2          #include<intrins.h>
   3          #include"ds18b20.h"
   4          
   5          /****************************
   6          重新定义常用数据类型
   7          ****************************/
   8          #define uchar unsigned char
   9          #define uint  unsigned int
  10          
  11          
  12          /********************************************
  13          函数名         ds_delayus
  14          函数功能       用于单总线通信微秒级延时
  15          函数参数       无符号整型x
  16          返回值         无
  17          函数说明   
  18          *********************************************/
  19          void ds_delayus(uchar x)
  20          {
  21   1              /*uchar a=9;
  22   1              while(a--)
  23   1              {
  24   1                      while(--x);
  25   1              }*/
  26   1              uchar i;
  27   1              for(i=0;i<x;i++);
  28   1              
  29   1      }
  30          
  31          /********************************************
  32          函数名         ds_delayms
  33          函数功能       用于单总线通信毫秒级延时
  34          函数参数       无符号整型x
  35          返回值         无
  36          函数说明   
  37          *********************************************/
  38          void ds_delayms(uint x)
  39          {
  40   1              /*uint i,j;
  41   1              uchar a=9;
  42   1              while(a--)
  43   1              {
  44   1                      for(i=0;i<110;i++)
  45   1                              for(j=0;j<x;j++);
  46   1              }*/
  47   1              uint i,j,k;
  48   1              for(k=0;k<x;k++)
  49   1                      for(j=0;j<36;j++)
  50   1                              for(i=0;i<26;i++);
  51   1      }
  52          
  53          /**********************************************
  54          函 数 名         : ds_init
  55          函数功能                     : 用于初始化单总线
C51 COMPILER V9.00   DS18B20                                                               04/23/2018 22:22:33 PAGE 2   

  56          输    入         : 无
  57          输    出         : 无
  58          函数说明         ：无
  59          ***********************************************/
  60          uint ds_init()
  61          {
  62   1              uchar i;
  63   1              DQ=0;
  64   1              ds_delayus(250);    //总线拉低500us
  65   1              
  66   1              DQ=1;
  67   1              i=50;
  68   1                                  //总线拉高后等待传感器拉低总线
  69   1              while(DQ)           //如果DS18B20做出反应会将在15us~60us后总线拉低
  70   1              {
  71   2                      i--;
  72   2                      if(i==0)
  73   2                      {
  74   3                              return 0;        //初始化失败
  75   3                      }
  76   2              }
  77   1              return 1;            //初始化成功
  78   1      }
  79          
  80          /**********************************************
  81          函 数 名         : ds_wtdat
  82          函数功能                     : 用于通过单总线发送信号
  83          输    入         : 无符号字符型dat
  84          输    出         : 无
  85          函数说明         ：无
  86          ***********************************************/
  87          void ds_wtdat(uchar dat)
  88          {
  89   1              uint i;
  90   1              
  91   1              DQ=1;                //拉高总线，并持续1us
  92   1              _nop_();
  93   1              
  94   1              for(i=0;i<8;i++)
  95   1              {
  96   2                      DQ=0;              //每写入一位数据之前先把总线拉低1us
  97   2                      _nop_();
  98   2                      
  99   2                      DQ=dat&0x01;       //写入一个数据，从最低位开始，并持续65us
 100   2                      ds_delayus(30); 
 101   2                      
 102   2                      DQ=1;              //释放总线，至少1us给总线恢复时间才能接着写入第二个数值
 103   2                      _nop_();
 104   2                      dat=dat>>1;
 105   2              }
 106   1      }
 107          /**********************************************
 108          函 数 名         : ds_rddat
 109          函数功能                     : 用于通过单总线接收信号
 110          输    入         : 无
 111          输    出         : 无符号字符型dat
 112          函数说明         ：无
 113          ***********************************************/
 114          uchar ds_rddat()
 115          {
 116   1              uint i;
 117   1              uchar dat=0,temp;
C51 COMPILER V9.00   DS18B20                                                               04/23/2018 22:22:33 PAGE 3   

 118   1              
 119   1              for(i=0;i<8;i++)
 120   1              {
 121   2                      DQ=0;                       //将总线拉低1us
 122   2                      _nop_();
 123   2                      
 124   2                      DQ=1;                       //释放总线,并维持6us
 125   2                      ds_delayus(1);
 126   2                      
 127   2                      temp=DQ;                    //读取数据并等待55us
 128   2                      dat=(temp<<7) | (dat>>1);
 129   2                      ds_delayus(25);
 130   2              }
 131   1              return dat;
 132   1      }
 133          
 134          /**********************************************
 135          函 数 名         : ds_gettmp
 136          函数功能                 : 用于获取ds18b20传感器温度数据
 137          输    入         : 无
 138          输    出         : 无
 139          函数说明         ：无
 140          ***********************************************/
 141          int ds_gettmp()
 142          {
 143   1              int temp=0;
 144   1              static int temp_last=0;
 145   1              uchar tmph,tmpl;
 146   1              
 147   1              ds_init();
 148   1              ds_delayms(1);
 149   1              ds_wtdat(0xcc);
 150   1              ds_wtdat(0x44);
 151   1              
 152   1              ds_init();
 153   1              ds_delayms(1);
 154   1              ds_wtdat(0xcc);
 155   1              ds_wtdat(0xbe);
 156   1              
 157   1              tmpl=ds_rddat();
 158   1              tmph=ds_rddat();
 159   1              temp = tmph;
 160   1              temp <<= 8;
 161   1              temp |= tmpl;
 162   1              temp*=0.625;
 163   1              if(temp<700&&temp>0)   //防止异常数据
 164   1              {
 165   2                      temp_last=temp;
 166   2                      return temp;
 167   2              }
 168   1              else
 169   1                      return temp_last;
 170   1      }


MODULE INFORMATION:   STATIC OVERLAYABLE
   CODE SIZE        =    269    ----
   CONSTANT SIZE    =   ----    ----
   XDATA SIZE       =   ----    ----
   PDATA SIZE       =      2    ----
   DATA SIZE        =   ----    ----
   IDATA SIZE       =   ----    ----
C51 COMPILER V9.00   DS18B20                                                               04/23/2018 22:22:33 PAGE 4   

   BIT SIZE         =   ----    ----
END OF MODULE INFORMATION.


C51 COMPILATION COMPLETE.  0 WARNING(S),  0 ERROR(S)
