C51 COMPILER V9.00   PID                                                                   04/23/2018 22:22:32 PAGE 1   


C51 COMPILER V9.00, COMPILATION OF MODULE PID
OBJECT MODULE PLACED IN pid.OBJ
COMPILER INVOKED BY: D:\C51\BIN\C51.EXE pid.c COMPACT BROWSE DEBUG OBJECTEXTEND

line level    source

   1          #include"pid.h"
   2          #include"18b20.h"
   3          #include<stdio.h>  
   4          #include<stdlib.h> 
   5          
   6          #define MAXdegree 150
   7          
   8          uint time_out=MAXdegree*100;  //输出发送序列时间间隔,初始值尽量大
   9          char time_out_flagleft=0;       //0表示升温，2表示降温
  10          char time_out_flagright=0;
  11          float  Kp=20;//比例系数
  12          float  Ki=0.3;   //积分系数
  13          float  Kd=10;  //微分系数
  14          
  15          void temperature_control(float tar_temp, float act_temp)          //输入预期温度与实际温度
  16          {  
  17   1          static float Last_Err=0,Sum=0;
  18   1              float err=(tar_temp-act_temp)*4;   //温度差
  19   1          int degree_out;
  20   1      
  21   1                                                        
  22   1          degree_out=err+Kp*err+Kd*(err-Last_Err)+Ki*Sum;  
  23   1              
  24   1                         
  25   1            
  26   1          Last_Err=err;
  27   1          Sum+=err;
  28   1              if(Sum>100)
  29   1                Sum=100;
  30   1            else if(Sum<-100)
  31   1                Sum=-100;
  32   1         
  33   1        
  34   1          if(degree_out>MAXdegree)
  35   1              degree_out=MAXdegree;      //设置上下限
  36   1            
  37   1          else if(degree_out<-MAXdegree)
  38   1                       degree_out=-MAXdegree;
  39   1        
  40   1          if(degree_out>0)
  41   1              {
  42   2                      time_out=MAXdegree+1-degree_out;
  43   2                      time_out_flagleft=0;                  //升温
  44   2                      time_out_flagright=0;
  45   2              }
  46   1              if(degree_out<0)
  47   1              {
  48   2                       degree_out=-degree_out;
  49   2                       time_out=MAXdegree+1-degree_out;
  50   2                       time_out_flagleft=2;           //降温
  51   2                       time_out_flagright=2;
  52   2              }
  53   1            
  54   1              
  55   1      
C51 COMPILER V9.00   PID                                                                   04/23/2018 22:22:32 PAGE 2   

  56   1      }  
  57           


MODULE INFORMATION:   STATIC OVERLAYABLE
   CODE SIZE        =    482    ----
   CONSTANT SIZE    =   ----    ----
   XDATA SIZE       =   ----    ----
   PDATA SIZE       =     24      14
   DATA SIZE        =   ----    ----
   IDATA SIZE       =   ----    ----
   BIT SIZE         =   ----    ----
END OF MODULE INFORMATION.


C51 COMPILATION COMPLETE.  0 WARNING(S),  0 ERROR(S)
